2023-01-17 14:02:03.159 | INFO     | __main__:on_message:232 - SSL Session: 
2023-01-17 14:02:03.169 | INFO     | __main__:on_message:233 - [HTTP_send] 192.168.0.127:38177 --> 38.55.135.219:80
2023-01-17 14:02:03.170 | INFO     | __main__:on_message:241 - POST //api/info/getItem HTTP/1.1..user-agent: Mozilla/5.0 (Linux; Android 8.1.0; Pixel XL Build/OPM1.171019.011; wv) AppleWebKit/537.36 (KHTML, like Gecko) Version/4.0 Chrome/61.0.3163.98 Mobile Safari/537.36 uni-app Html5Plus/1.0 (Immersed/24.0)..Content-Type: application/json..Content-Length: 9..Host: 38.55.135.219..Connection: Keep-Alive..Accept-Encoding: gzip....{"ids":1}
2023-01-17 14:02:03.170 | INFO     | __main__:on_message:242 - java.lang.Throwable
	at java.net.SocketOutputStream.socketWrite0(Native Method)
	at java.net.SocketOutputStream.socketWrite(SocketOutputStream.java:109)
	at java.net.SocketOutputStream.write(SocketOutputStream.java:153)
	at dc.squareup.okio.Okio$1.write(Unknown Source:6)
	at dc.squareup.okio.AsyncTimeout$1.write(Unknown Source:21)
	at dc.squareup.okio.RealBufferedSink.flush(Unknown Source:3)
	at dc.squareup.okhttp3.internal.http1.Http1Codec.finishRequest(Unknown Source:1)
	at dc.squareup.okhttp3.internal.http.CallServerInterceptor.intercept(Unknown Source:44)
	at dc.squareup.okhttp3.internal.http.RealInterceptorChain.proceed(Unknown Source:23)
	at dc.squareup.okhttp3.internal.connection.ConnectInterceptor.intercept(Unknown Source:10)
	at dc.squareup.okhttp3.internal.http.RealInterceptorChain.proceed(Unknown Source:23)
	at dc.squareup.okhttp3.internal.http.RealInterceptorChain.proceed(Unknown Source:1)
	at dc.squareup.okhttp3.internal.cache.CacheInterceptor.intercept(Unknown Source:41)
	at dc.squareup.okhttp3.internal.http.RealInterceptorChain.proceed(Unknown Source:23)
	at dc.squareup.okhttp3.internal.http.RealInterceptorChain.proceed(Unknown Source:1)
	at dc.squareup.okhttp3.internal.http.BridgeInterceptor.intercept(Unknown Source:65)
	at dc.squareup.okhttp3.internal.http.RealInterceptorChain.proceed(Unknown Source:23)
	at dc.squareup.okhttp3.internal.http.RetryAndFollowUpInterceptor.intercept(Unknown Source:21)
	at dc.squareup.okhttp3.internal.http.RealInterceptorChain.proceed(Unknown Source:23)
	at dc.squareup.okhttp3.internal.http.RealInterceptorChain.proceed(Unknown Source:1)
	at dc.squareup.okhttp3.RealCall.getResponseWithInterceptorChain(Unknown Source:16)
	at dc.squareup.okhttp3.RealCall.execute(Unknown Source:10)
	at io.dcloud.feature.weex.adapter.DCWXHttpAdapter$1.run(DCWXHttpAdapter.java:93)
	at java.util.concurrent.ThreadPoolExecutor.runWorker(ThreadPoolExecutor.java:1162)
	at java.util.concurrent.ThreadPoolExecutor$Worker.run(ThreadPoolExecutor.java:636)
	at java.lang.Thread.run(Thread.java:764)

2023-01-17 14:02:03.462 | INFO     | __main__:on_message:232 - SSL Session: 
2023-01-17 14:02:03.462 | INFO     | __main__:on_message:233 - [HTTP_recv] 38.55.135.219:80 --> 192.168.0.127:38177
2023-01-17 14:02:03.463 | INFO     | __main__:on_message:241 - HTTP/1.1 200 OK..Server: nginx..Date: Tue, 17 Jan 2023 06:01:32 GMT..Content-Type: text/html; charset=UTF-8..Transfer-Encoding: chunked..Connection: keep-alive..Vary: Accept-Encoding..Content-Encoding: gzip....7f8.............X[o\...+.<'.(Q...^....M...u.$JJ.M...,......L.s.$....6..<".]._v.........h.......|.....?]...w.v...o/>.??..{..??.I.V.R8...uWz......>.......>....?...|~ZFr~.,c.i.E5....<.\;...}..w.......1.l%.X...|j.%.\}_....?<.~\.....%..\..F..c....k....>..g.w.G:...u..R......@i.>T..g.}.~.>..G....].E...*.Rv.e.I].n..5..z....n...w7[.KS....Mrs..e.!E....V.......C....4..J.5.%U...(D...o..O...M.Dq.|...d+Ep.SCSk.U.$imd...JJ.:....."]..e"...O.)f..&.C.....u/.1.}..O....4c........*.j.Gh%........NkT.h.x.G.....}.bk..#.h.3..q........0.y.E......g.........V.....S.....M.....:..U....w..0.6.bw..ZQ...........U.U.../.{.....^r......F.<...,..{........m...... .5..0..C..hX.u.f@..<:j...g.2......jG.\B.!.[...Z@..M.....LK|...$.0...q~'n..D...}0uU.dU.E_.3_:....%....]....p..[.(.b.....F.4..4....PV.........m..8p.p`M1X.......h]k+..3........2..(..i.A...A.\.4..r3......[A;X!.>J...s.^.&.1....2.x....p.....i.b..{..Qk4.e..}.u..e...0-...f&2>Im<......V.R.......j=s.A..g...O.^.|.,...#QT.8...~..........&....V..G.._%]..p.....vBa.7H.o....A..G...*.....n..+.4..&.....e.O}...e.h......b.c-9..ZG.[...g. P....../.6k....S.......+.V.."....N)[.`.[.....l G.#|.A.%.i..69,$.1T...T a8L7../.;...R}S....E.H.M.B..2....8<P%...a..T`.\.B.g.....L*...=.V..B.`...0......XZ`..N4+...gW..q...(g.-|.
2023-01-17 14:02:03.463 | INFO     | __main__:on_message:242 - java.lang.Throwable
	at java.net.SocketInputStream.socketRead0(Native Method)
	at java.net.SocketInputStream.socketRead(SocketInputStream.java:114)
	at java.net.SocketInputStream.read(SocketInputStream.java:170)
	at java.net.SocketInputStream.read(SocketInputStream.java:139)
	at dc.squareup.okio.Okio$2.read(Unknown Source:4)
	at dc.squareup.okio.AsyncTimeout$2.read(Unknown Source:3)
	at dc.squareup.okio.RealBufferedSource.indexOf(Unknown Source:16)
	at dc.squareup.okio.RealBufferedSource.readUtf8LineStrict(Unknown Source:2)
	at dc.squareup.okhttp3.internal.http1.Http1Codec.readHeaderLine(Unknown Source:1)
	at dc.squareup.okhttp3.internal.http1.Http1Codec.readResponseHeaders(Unknown Source:6)
	at dc.squareup.okhttp3.internal.http.CallServerInterceptor.intercept(Unknown Source:48)
	at dc.squareup.okhttp3.internal.http.RealInterceptorChain.proceed(Unknown Source:23)
	at dc.squareup.okhttp3.internal.connection.ConnectInterceptor.intercept(Unknown Source:10)
	at dc.squareup.okhttp3.internal.http.RealInterceptorChain.proceed(Unknown Source:23)
	at dc.squareup.okhttp3.internal.http.RealInterceptorChain.proceed(Unknown Source:1)
	at dc.squareup.okhttp3.internal.cache.CacheInterceptor.intercept(Unknown Source:41)
	at dc.squareup.okhttp3.internal.http.RealInterceptorChain.proceed(Unknown Source:23)
	at dc.squareup.okhttp3.internal.http.RealInterceptorChain.proceed(Unknown Source:1)
	at dc.squareup.okhttp3.internal.http.BridgeInterceptor.intercept(Unknown Source:65)
	at dc.squareup.okhttp3.internal.http.RealInterceptorChain.proceed(Unknown Source:23)
	at dc.squareup.okhttp3.internal.http.RetryAndFollowUpInterceptor.intercept(Unknown Source:21)
	at dc.squareup.okhttp3.internal.http.RealInterceptorChain.proceed(Unknown Source:23)
	at dc.squareup.okhttp3.internal.http.RealInterceptorChain.proceed(Unknown Source:1)
	at dc.squareup.okhttp3.RealCall.getResponseWithInterceptorChain(Unknown Source:16)
	at dc.squareup.okhttp3.RealCall.execute(Unknown Source:10)
	at io.dcloud.feature.weex.adapter.DCWXHttpAdapter$1.run(DCWXHttpAdapter.java:93)
	at java.util.concurrent.ThreadPoolExecutor.runWorker(ThreadPoolExecutor.java:1162)
	at java.util.concurrent.ThreadPoolExecutor$Worker.run(ThreadPoolExecutor.java:636)
	at java.lang.Thread.run(Thread.java:764)

2023-01-17 14:02:03.534 | INFO     | __main__:on_message:232 - SSL Session: 
2023-01-17 14:02:03.535 | INFO     | __main__:on_message:233 - [HTTP_recv] 38.55.135.219:80 --> 192.168.0.127:38177
2023-01-17 14:02:03.535 | INFO     | __main__:on_message:241 - ...J.F0...t_@..+F.C.J].s......nn7..R.. ........n.."...Cg.xwu....A.~sr5.....f!Pi...A5.."=.=<.X=..(~.#E......}rb.`"di!gfk.D39.....\...}(?.|wu.....U8...@sB.i.:..,.?.&...R.9r..J.i...5.m....S....cv*.Ok...J4...r.N^_..[G.^.X.j.]m,.....0..d.p:...0.|.....^.]?X...e@O.\..X.\...j.gK&+R.#K>.$L....a.V!....a....0f:......;v...Dp 8...}.."..+..4.G......L... .4;9.....>....9`>..b8P^....&1..45.e4..G.Z..a.=........n...d..1..`.}".p..Rhx..pQ.9I....y.:.....M..|m.G...Lk%.TK.....C2p.1r..9.......o.>|..f....?..'.T!......r]..{.S....\~..C......yd.X...;F$............{.'@l+...H..Xt....aaJ...)7\5....X..\3@r...1..4...D=............)0._.f..w._.}:..1a...,.A.9_.....Y...'8.DI....p.*mU...ijpw.z........;+@..JK..X.`a..~....9.)b....K....S.o\.9RL...-M..7.'....ov.&$.....;\..1.;W0f...~.$..~..J.p.....'5...j.....,.....s....?.}.y..O...-...zJ...._.n3.....0....
2023-01-17 14:02:03.535 | INFO     | __main__:on_message:242 - java.lang.Throwable
	at java.net.SocketInputStream.socketRead0(Native Method)
	at java.net.SocketInputStream.socketRead(SocketInputStream.java:114)
	at java.net.SocketInputStream.read(SocketInputStream.java:170)
	at java.net.SocketInputStream.read(SocketInputStream.java:139)
	at dc.squareup.okio.Okio$2.read(Unknown Source:4)
	at dc.squareup.okio.AsyncTimeout$2.read(Unknown Source:3)
	at dc.squareup.okio.RealBufferedSource.read(Unknown Source:4)
	at dc.squareup.okhttp3.internal.http1.Http1Codec$AbstractSource.read(Unknown Source:1)
	at dc.squareup.okhttp3.internal.http1.Http1Codec$ChunkedSource.read(Unknown Source:9)
	at dc.squareup.okio.RealBufferedSource.read(Unknown Source:4)
	at dc.squareup.okio.RealBufferedSource.exhausted(Unknown Source:2)
	at dc.squareup.okio.InflaterSource.refill(Unknown Source:7)
	at dc.squareup.okio.InflaterSource.read(Unknown Source:5)
	at dc.squareup.okio.GzipSource.read(Unknown Source:9)
	at dc.squareup.okio.RealBufferedSource$1.read(Unknown Source:12)
	at io.dcloud.feature.weex.adapter.DCWXHttpAdapter.readInputStreamAsBytes(DCWXHttpAdapter.java:253)
	at io.dcloud.feature.weex.adapter.DCWXHttpAdapter.access$000(DCWXHttpAdapter.java:52)
	at io.dcloud.feature.weex.adapter.DCWXHttpAdapter$1.run(DCWXHttpAdapter.java:103)
	at java.util.concurrent.ThreadPoolExecutor.runWorker(ThreadPoolExecutor.java:1162)
	at java.util.concurrent.ThreadPoolExecutor$Worker.run(ThreadPoolExecutor.java:636)
	at java.lang.Thread.run(Thread.java:764)

