2023-01-17 14:04:13.003 | INFO     | __main__:on_message:232 - SSL Session: 
2023-01-17 14:04:13.003 | INFO     | __main__:on_message:233 - [HTTP_send] 192.168.0.127:38274 --> 38.55.135.219:80
2023-01-17 14:04:13.004 | INFO     | __main__:on_message:241 - POST //api/info/checkPlug HTTP/1.1..user-agent: Mozilla/5.0 (Linux; Android 8.1.0; Pixel XL Build/OPM1.171019.011; wv) AppleWebKit/537.36 (KHTML, like Gecko) Version/4.0 Chrome/61.0.3163.98 Mobile Safari/537.36 uni-app Html5Plus/1.0 (Immersed/24.0)..Content-Type: application/json..Content-Length: 21..Host: 38.55.135.219..Connection: Keep-Alive..Accept-Encoding: gzip....{"id":1,"code":"123"}
2023-01-17 14:04:13.004 | INFO     | __main__:on_message:242 - java.lang.Throwable
	at java.net.SocketOutputStream.socketWrite0(Native Method)
	at java.net.SocketOutputStream.socketWrite(SocketOutputStream.java:109)
	at java.net.SocketOutputStream.write(SocketOutputStream.java:153)
	at dc.squareup.okio.Okio$1.write(Unknown Source:6)
	at dc.squareup.okio.AsyncTimeout$1.write(Unknown Source:21)
	at dc.squareup.okio.RealBufferedSink.flush(Unknown Source:3)
	at dc.squareup.okhttp3.internal.http1.Http1Codec.finishRequest(Unknown Source:1)
	at dc.squareup.okhttp3.internal.http.CallServerInterceptor.intercept(Unknown Source:44)
	at dc.squareup.okhttp3.internal.http.RealInterceptorChain.proceed(Unknown Source:23)
	at dc.squareup.okhttp3.internal.connection.ConnectInterceptor.intercept(Unknown Source:10)
	at dc.squareup.okhttp3.internal.http.RealInterceptorChain.proceed(Unknown Source:23)
	at dc.squareup.okhttp3.internal.http.RealInterceptorChain.proceed(Unknown Source:1)
	at dc.squareup.okhttp3.internal.cache.CacheInterceptor.intercept(Unknown Source:41)
	at dc.squareup.okhttp3.internal.http.RealInterceptorChain.proceed(Unknown Source:23)
	at dc.squareup.okhttp3.internal.http.RealInterceptorChain.proceed(Unknown Source:1)
	at dc.squareup.okhttp3.internal.http.BridgeInterceptor.intercept(Unknown Source:65)
	at dc.squareup.okhttp3.internal.http.RealInterceptorChain.proceed(Unknown Source:23)
	at dc.squareup.okhttp3.internal.http.RetryAndFollowUpInterceptor.intercept(Unknown Source:21)
	at dc.squareup.okhttp3.internal.http.RealInterceptorChain.proceed(Unknown Source:23)
	at dc.squareup.okhttp3.internal.http.RealInterceptorChain.proceed(Unknown Source:1)
	at dc.squareup.okhttp3.RealCall.getResponseWithInterceptorChain(Unknown Source:16)
	at dc.squareup.okhttp3.RealCall.execute(Unknown Source:10)
	at io.dcloud.feature.weex.adapter.DCWXHttpAdapter$1.run(DCWXHttpAdapter.java:93)
	at java.util.concurrent.ThreadPoolExecutor.runWorker(ThreadPoolExecutor.java:1162)
	at java.util.concurrent.ThreadPoolExecutor$Worker.run(ThreadPoolExecutor.java:636)
	at java.lang.Thread.run(Thread.java:764)

2023-01-17 14:04:13.275 | INFO     | __main__:on_message:232 - SSL Session: 
2023-01-17 14:04:13.276 | INFO     | __main__:on_message:233 - [HTTP_recv] 38.55.135.219:80 --> 192.168.0.127:38274
2023-01-17 14:04:13.276 | INFO     | __main__:on_message:241 - HTTP/1.1 200 OK..Server: nginx..Date: Tue, 17 Jan 2023 06:03:41 GMT..Content-Type: text/html; charset=UTF-8..Transfer-Encoding: chunked..Connection: keep-alive..Vary: Accept-Encoding..Content-Encoding: gzip....2e.............VJI,IT.RR.Q.-N.0.K.KJ....j...Qi......0....
2023-01-17 14:04:13.276 | INFO     | __main__:on_message:242 - java.lang.Throwable
	at java.net.SocketInputStream.socketRead0(Native Method)
	at java.net.SocketInputStream.socketRead(SocketInputStream.java:114)
	at java.net.SocketInputStream.read(SocketInputStream.java:170)
	at java.net.SocketInputStream.read(SocketInputStream.java:139)
	at dc.squareup.okio.Okio$2.read(Unknown Source:4)
	at dc.squareup.okio.AsyncTimeout$2.read(Unknown Source:3)
	at dc.squareup.okio.RealBufferedSource.indexOf(Unknown Source:16)
	at dc.squareup.okio.RealBufferedSource.readUtf8LineStrict(Unknown Source:2)
	at dc.squareup.okhttp3.internal.http1.Http1Codec.readHeaderLine(Unknown Source:1)
	at dc.squareup.okhttp3.internal.http1.Http1Codec.readResponseHeaders(Unknown Source:6)
	at dc.squareup.okhttp3.internal.http.CallServerInterceptor.intercept(Unknown Source:48)
	at dc.squareup.okhttp3.internal.http.RealInterceptorChain.proceed(Unknown Source:23)
	at dc.squareup.okhttp3.internal.connection.ConnectInterceptor.intercept(Unknown Source:10)
	at dc.squareup.okhttp3.internal.http.RealInterceptorChain.proceed(Unknown Source:23)
	at dc.squareup.okhttp3.internal.http.RealInterceptorChain.proceed(Unknown Source:1)
	at dc.squareup.okhttp3.internal.cache.CacheInterceptor.intercept(Unknown Source:41)
	at dc.squareup.okhttp3.internal.http.RealInterceptorChain.proceed(Unknown Source:23)
	at dc.squareup.okhttp3.internal.http.RealInterceptorChain.proceed(Unknown Source:1)
	at dc.squareup.okhttp3.internal.http.BridgeInterceptor.intercept(Unknown Source:65)
	at dc.squareup.okhttp3.internal.http.RealInterceptorChain.proceed(Unknown Source:23)
	at dc.squareup.okhttp3.internal.http.RetryAndFollowUpInterceptor.intercept(Unknown Source:21)
	at dc.squareup.okhttp3.internal.http.RealInterceptorChain.proceed(Unknown Source:23)
	at dc.squareup.okhttp3.internal.http.RealInterceptorChain.proceed(Unknown Source:1)
	at dc.squareup.okhttp3.RealCall.getResponseWithInterceptorChain(Unknown Source:16)
	at dc.squareup.okhttp3.RealCall.execute(Unknown Source:10)
	at io.dcloud.feature.weex.adapter.DCWXHttpAdapter$1.run(DCWXHttpAdapter.java:93)
	at java.util.concurrent.ThreadPoolExecutor.runWorker(ThreadPoolExecutor.java:1162)
	at java.util.concurrent.ThreadPoolExecutor$Worker.run(ThreadPoolExecutor.java:636)
	at java.lang.Thread.run(Thread.java:764)

